[2025-06-01 09:37:27] [FATAL] Uncaught mysqli_sql_exception: Access denied for user 'amrsam99_inventory_db'@'localhost' (using password: YES) in /opt/lampp/htdocs/pms/db_connect.php:8
Stack trace:
#0 /opt/lampp/htdocs/pms/db_connect.php(8): mysqli->__construct('localhost', 'amrsam99_invent...', Object(SensitiveParameterValue), 'amrsam99_invent...')
#1 /opt/lampp/htdocs/pms/dashboard.php(15): require_once('/opt/lampp/htdo...')
#2 {main}
  thrown in /opt/lampp/htdocs/pms/db_connect.php on line 8
[2025-06-01 09:38:07] [FATAL] Cannot redeclare set_message() (previously declared in /opt/lampp/htdocs/pms/includes/session_manager.php:154) in /opt/lampp/htdocs/pms/includes/functions.php on line 29
[2025-06-01 09:39:43] [FATAL] Cannot redeclare generate_csrf_token() (previously declared in /opt/lampp/htdocs/pms/includes/session_manager.php:23) in /opt/lampp/htdocs/pms/includes/functions.php on line 104
[2025-06-01 09:40:06] [FATAL] Cannot redeclare verify_csrf_token() (previously declared in /opt/lampp/htdocs/pms/includes/session_manager.php:29) in /opt/lampp/htdocs/pms/includes/functions.php on line 120
[01-Jun-2025 09:52:26 Asia/Riyadh] PHP Fatal error:  Uncaught mysqli_sql_exception: You have an error in your SQL syntax; check the manual that corresponds to your MariaDB server version for the right syntax to use near 'AND i.invoice_date BETWEEN ? AND ?' at line 1 in /opt/lampp/htdocs/pms/dashboard.php:54
Stack trace:
#0 /opt/lampp/htdocs/pms/dashboard.php(54): mysqli->prepare(' AND i.invoice_...')
#1 {main}
  thrown in /opt/lampp/htdocs/pms/dashboard.php on line 54
[2025-06-01 09:52:26] [FATAL DASHBOARD] Uncaught mysqli_sql_exception: You have an error in your SQL syntax; check the manual that corresponds to your MariaDB server version for the right syntax to use near 'AND i.invoice_date BETWEEN ? AND ?' at line 1 in /opt/lampp/htdocs/pms/dashboard.php:54
Stack trace:
#0 /opt/lampp/htdocs/pms/dashboard.php(54): mysqli->prepare(' AND i.invoice_...')
#1 {main}
  thrown in /opt/lampp/htdocs/pms/dashboard.php on line 54
[01-Jun-2025 09:54:50 Asia/Riyadh] PHP Fatal error:  Uncaught mysqli_sql_exception: Unknown column 'p.status' in 'where clause' in /opt/lampp/htdocs/pms/dashboard.php:101
Stack trace:
#0 /opt/lampp/htdocs/pms/dashboard.php(101): mysqli->prepare('SELECT SUM(p.am...')
#1 {main}
  thrown in /opt/lampp/htdocs/pms/dashboard.php on line 101
[2025-06-01 09:54:50] [FATAL DASHBOARD] Uncaught mysqli_sql_exception: Unknown column 'p.status' in 'where clause' in /opt/lampp/htdocs/pms/dashboard.php:101
Stack trace:
#0 /opt/lampp/htdocs/pms/dashboard.php(101): mysqli->prepare('SELECT SUM(p.am...')
#1 {main}
  thrown in /opt/lampp/htdocs/pms/dashboard.php on line 101
[01-Jun-2025 09:56:41 Asia/Riyadh] PHP Warning:  Undefined array key "property_code" in /opt/lampp/htdocs/pms/dashboard.php on line 346
[01-Jun-2025 09:56:41 Asia/Riyadh] PHP Deprecated:  rawurlencode(): Passing null to parameter #1 ($string) of type string is deprecated in /opt/lampp/htdocs/pms/dashboard.php on line 346
